{"/Users/davidokun/Developer/Web/confidence-picks/frontend/src/pages/AuthCallback.tsx": {"path":"/Users/davidokun/Developer/Web/confidence-picks/frontend/src/pages/AuthCallback.tsx","all":false,"statementMap":{"0":{"start":{"line":1,"column":0},"end":{"line":1,"column":34}},"5":{"start":{"line":6,"column":0},"end":{"line":6,"column":40}},"6":{"start":{"line":7,"column":0},"end":{"line":7,"column":33}},"7":{"start":{"line":8,"column":0},"end":{"line":8,"column":36}},"12":{"start":{"line":13,"column":0},"end":{"line":13,"column":19}},"13":{"start":{"line":14,"column":0},"end":{"line":14,"column":26}},"15":{"start":{"line":16,"column":0},"end":{"line":16,"column":31}},"16":{"start":{"line":17,"column":0},"end":{"line":17,"column":65}},"17":{"start":{"line":18,"column":0},"end":{"line":18,"column":52}},"18":{"start":{"line":19,"column":0},"end":{"line":19,"column":54}},"20":{"start":{"line":21,"column":0},"end":{"line":21,"column":25}},"21":{"start":{"line":22,"column":0},"end":{"line":22,"column":28}},"22":{"start":{"line":23,"column":0},"end":{"line":23,"column":24}},"23":{"start":{"line":24,"column":0},"end":{"line":24,"column":92}},"24":{"start":{"line":25,"column":0},"end":{"line":25,"column":11}},"25":{"start":{"line":26,"column":0},"end":{"line":26,"column":15}},"26":{"start":{"line":27,"column":0},"end":{"line":27,"column":7}},"28":{"start":{"line":29,"column":0},"end":{"line":29,"column":55}},"30":{"start":{"line":31,"column":0},"end":{"line":31,"column":11}},"31":{"start":{"line":32,"column":0},"end":{"line":32,"column":56}},"32":{"start":{"line":33,"column":0},"end":{"line":33,"column":30}},"33":{"start":{"line":34,"column":0},"end":{"line":34,"column":19}},"34":{"start":{"line":35,"column":0},"end":{"line":35,"column":28}},"35":{"start":{"line":36,"column":0},"end":{"line":36,"column":43}},"36":{"start":{"line":37,"column":0},"end":{"line":37,"column":16}},"37":{"start":{"line":38,"column":0},"end":{"line":38,"column":30}},"38":{"start":{"line":39,"column":0},"end":{"line":39,"column":26}},"39":{"start":{"line":40,"column":0},"end":{"line":40,"column":107}},"40":{"start":{"line":41,"column":0},"end":{"line":41,"column":13}},"41":{"start":{"line":42,"column":0},"end":{"line":42,"column":9}},"42":{"start":{"line":43,"column":0},"end":{"line":43,"column":15}},"43":{"start":{"line":44,"column":0},"end":{"line":44,"column":30}},"44":{"start":{"line":45,"column":0},"end":{"line":45,"column":28}},"45":{"start":{"line":46,"column":0},"end":{"line":46,"column":24}},"46":{"start":{"line":47,"column":0},"end":{"line":47,"column":105}},"47":{"start":{"line":48,"column":0},"end":{"line":48,"column":11}},"48":{"start":{"line":49,"column":0},"end":{"line":49,"column":7}},"49":{"start":{"line":50,"column":0},"end":{"line":50,"column":5}},"51":{"start":{"line":52,"column":0},"end":{"line":52,"column":15}},"52":{"start":{"line":53,"column":0},"end":{"line":53,"column":18}},"53":{"start":{"line":54,"column":0},"end":{"line":54,"column":23}},"54":{"start":{"line":55,"column":0},"end":{"line":55,"column":6}},"57":{"start":{"line":58,"column":0},"end":{"line":58,"column":9}},"59":{"start":{"line":60,"column":0},"end":{"line":60,"column":10}},"60":{"start":{"line":61,"column":0},"end":{"line":61,"column":72}},"61":{"start":{"line":62,"column":0},"end":{"line":62,"column":68}},"62":{"start":{"line":63,"column":0},"end":{"line":63,"column":10}},"64":{"start":{"line":65,"column":0},"end":{"line":65,"column":1}}},"s":{"0":1,"5":3,"6":3,"7":3,"12":3,"13":3,"15":3,"16":3,"17":3,"18":3,"20":3,"21":1,"22":1,"23":1,"24":1,"25":1,"26":1,"28":2,"30":2,"31":2,"32":2,"33":3,"34":1,"35":1,"36":1,"37":1,"38":1,"39":1,"40":1,"41":1,"42":3,"43":0,"44":0,"45":0,"46":0,"47":0,"48":0,"49":3,"51":3,"52":3,"53":3,"54":3,"57":3,"59":3,"60":3,"61":3,"62":3,"64":3},"branchMap":{"0":{"type":"branch","line":6,"loc":{"start":{"line":6,"column":0},"end":{"line":65,"column":1}},"locations":[{"start":{"line":6,"column":0},"end":{"line":65,"column":1}}]},"1":{"type":"branch","line":13,"loc":{"start":{"line":13,"column":12},"end":{"line":58,"column":5}},"locations":[{"start":{"line":13,"column":12},"end":{"line":58,"column":5}}]},"2":{"type":"branch","line":16,"loc":{"start":{"line":16,"column":4},"end":{"line":50,"column":5}},"locations":[{"start":{"line":16,"column":4},"end":{"line":50,"column":5}}]},"3":{"type":"branch","line":21,"loc":{"start":{"line":21,"column":24},"end":{"line":27,"column":7}},"locations":[{"start":{"line":21,"column":24},"end":{"line":27,"column":7}}]},"4":{"type":"branch","line":27,"loc":{"start":{"line":27,"column":6},"end":{"line":33,"column":30}},"locations":[{"start":{"line":27,"column":6},"end":{"line":33,"column":30}}]},"5":{"type":"branch","line":33,"loc":{"start":{"line":33,"column":23},"end":{"line":33,"column":30}},"locations":[{"start":{"line":33,"column":23},"end":{"line":33,"column":30}}]},"6":{"type":"branch","line":33,"loc":{"start":{"line":33,"column":23},"end":{"line":34,"column":18}},"locations":[{"start":{"line":33,"column":23},"end":{"line":34,"column":18}}]},"7":{"type":"branch","line":34,"loc":{"start":{"line":34,"column":18},"end":{"line":42,"column":9}},"locations":[{"start":{"line":34,"column":18},"end":{"line":42,"column":9}}]},"8":{"type":"branch","line":43,"loc":{"start":{"line":43,"column":6},"end":{"line":49,"column":7}},"locations":[{"start":{"line":43,"column":6},"end":{"line":49,"column":7}}]},"9":{"type":"branch","line":53,"loc":{"start":{"line":53,"column":11},"end":{"line":55,"column":6}},"locations":[{"start":{"line":53,"column":11},"end":{"line":55,"column":6}}]}},"b":{"0":[3],"1":[3],"2":[3],"3":[1],"4":[2],"5":[0],"6":[2],"7":[1],"8":[0],"9":[3]},"fnMap":{"0":{"name":"AuthCallback","decl":{"start":{"line":6,"column":0},"end":{"line":65,"column":1}},"loc":{"start":{"line":6,"column":0},"end":{"line":65,"column":1}},"line":6},"1":{"name":"finalize","decl":{"start":{"line":16,"column":4},"end":{"line":50,"column":5}},"loc":{"start":{"line":16,"column":4},"end":{"line":50,"column":5}},"line":16}},"f":{"0":3,"1":3}}
}
